<?xml version="1.0" encoding="UTF-8"?>
<!-- Generated by org.testng.reporters.JUnitXMLReporter -->
<testsuite ignored="0" hostname="DESKTOP-LAUHH40" failures="0" tests="4" name="Surefire test" time="0.17" errors="0" timestamp="2022-07-12T01:22:43 AEST">
  <testcase classname="Framework.E2EframeWork.HomePageTest" name="@BeforeTest Initialize" time="0.012">
    <failure type="java.lang.Exception" message="Browser is not correct">
      <![CDATA[java.lang.Exception: Browser is not correct
at resources.Base.InitializeDriver(Base.java:50)
at Framework.E2EframeWork.HomePageTest.Initialize(HomePageTest.java:27)
... Removed 29 stack frames]]>
    </failure>
  </testcase> <!-- @BeforeTest Initialize -->
  <testcase classname="Framework.E2EframeWork.ValidateNavBarTest" name="@BeforeTest Initialize" time="0.0">
    <skipped/>
  </testcase> <!-- @BeforeTest Initialize -->
  <testcase classname="Framework.E2EframeWork.ValidateTitleTest" name="@BeforeTest Initialize" time="0.0">
    <skipped/>
  </testcase> <!-- @BeforeTest Initialize -->
  <testcase classname="Framework.E2EframeWork.HomePageTest" name="@AfterTest TearDown" time="0.0">
    <skipped/>
  </testcase> <!-- @AfterTest TearDown -->
  <testcase classname="Framework.E2EframeWork.ValidateNavBarTest" name="@AfterTest TearDown" time="0.0">
    <skipped/>
  </testcase> <!-- @AfterTest TearDown -->
  <testcase classname="Framework.E2EframeWork.ValidateTitleTest" name="@AfterTest TearDown" time="0.0">
    <skipped/>
  </testcase> <!-- @AfterTest TearDown -->
  <testcase classname="Framework.E2EframeWork.HomePageTest" name="LogInTry" time="0.0">
    <skipped/>
  </testcase> <!-- LogInTry -->
  <testcase classname="Framework.E2EframeWork.HomePageTest" name="LogInTry" time="0.001">
    <skipped/>
  </testcase> <!-- LogInTry -->
  <testcase classname="Framework.E2EframeWork.ValidateNavBarTest" name="ValidatePageNavBar" time="0.001">
    <skipped/>
  </testcase> <!-- ValidatePageNavBar -->
  <testcase classname="Framework.E2EframeWork.ValidateTitleTest" name="ValidatePageTitle" time="0.0">
    <skipped/>
  </testcase> <!-- ValidatePageTitle -->
</testsuite> <!-- Surefire test -->
