<?xml version="1.0" encoding="UTF-8"?>
<!-- Generated by org.testng.reporters.JUnitXMLReporter -->
<testsuite ignored="0" hostname="DESKTOP-LAUHH40" failures="0" tests="4" name="Test" time="67.039" errors="0" timestamp="2022-07-09T15:14:49 AEST">
  <testcase classname="Framework.E2EframeWork.ValidateTitleTest" name="ValidatePageTitle" time="0.217"/>
  <testcase classname="Framework.E2EframeWork.HomePageTest" name="LogInTry" time="11.322"/>
  <testcase classname="Framework.E2EframeWork.HomePageTest" name="LogInTry" time="17.526"/>
  <testcase classname="Framework.E2EframeWork.ValidateNavBarTest" name="ValidatePageNavBar" time="0.033"/>
</testsuite> <!-- Test -->
