<?xml version="1.0" encoding="UTF-8"?>
<!-- Generated by org.testng.reporters.JUnitXMLReporter -->
<testsuite ignored="0" hostname="DESKTOP-LAUHH40" failures="0" tests="2" name="ValidateNavigationBar" time="7.538" errors="0" timestamp="2022-07-12T14:02:01 AEST">
  <testcase classname="Framework.E2EframeWork.ValidateNavBarTest" name="ValidatePageNavBar" time="0.653"/>
  <testcase classname="Framework.E2EframeWork.ValidateNavBarTest" name="ValidateTest2" time="0.001"/>
</testsuite> <!-- ValidateNavigationBar -->
