<?xml version="1.0" encoding="UTF-8"?>
<!-- Generated by org.testng.reporters.JUnitXMLReporter -->
<testsuite ignored="0" hostname="DESKTOP-LAUHH40" failures="0" tests="3" name="ValidateLogin" time="13.022" errors="0" timestamp="2022-07-12T14:02:07 AEST">
  <testcase classname="Framework.E2EframeWork.HomePageTest" name="LogInTry" time="4.9"/>
  <testcase classname="Framework.E2EframeWork.HomePageTest" name="LogInTry" time="2.798"/>
  <testcase classname="Framework.E2EframeWork.HomePageTest" name="LogInTryTest2" time="0.011"/>
</testsuite> <!-- ValidateLogin -->
