<?xml version="1.0" encoding="UTF-8"?>
<testsuite xmlns:xsi="http://www.w3.org/2001/XMLSchema-instance" xsi:noNamespaceSchemaLocation="https://maven.apache.org/surefire/maven-surefire-plugin/xsd/surefire-test-report.xsd" name="TestSuite" time="1.307" tests="10" errors="0" skipped="9" failures="1">
  <properties>
[...]
</properties>
  <testcase name="Initialize" classname="Framework.E2EframeWork.HomePageTest" time="0.958">
    <failure message="Browser is not correct" type="java.lang.Exception">java.lang.Exception: Browser is not correct
	at Framework.E2EframeWork.HomePageTest.Initialize(HomePageTest.java:27)
</failure>
    <system-err><![CDATA[SLF4J: Failed to load class "org.slf4j.impl.StaticLoggerBinder".
SLF4J: Defaulting to no-operation (NOP) logger implementation
SLF4J: See http://www.slf4j.org/codes.html#StaticLoggerBinder for further details.
]]></system-err>
  </testcase>
  <testcase name="Initialize" classname="Framework.E2EframeWork.ValidateNavBarTest" time="0">
    <skipped/>
  </testcase>
  <testcase name="Initialize" classname="Framework.E2EframeWork.ValidateTitleTest" time="0">
    <skipped/>
  </testcase>
  <testcase name="LogInTry" classname="Framework.E2EframeWork.HomePageTest" time="0">
    <skipped message="Browser is not correct"/>
  </testcase>
  <testcase name="LogInTry" classname="Framework.E2EframeWork.HomePageTest" time="0">
    <skipped message="Browser is not correct"/>
  </testcase>
  <testcase name="ValidatePageNavBar" classname="Framework.E2EframeWork.ValidateNavBarTest" time="0">
    <skipped message="Browser is not correct"/>
  </testcase>
  <testcase name="ValidatePageTitle" classname="Framework.E2EframeWork.ValidateTitleTest" time="0">
    <skipped message="Browser is not correct"/>
  </testcase>
  <testcase name="TearDown" classname="Framework.E2EframeWork.HomePageTest" time="0">
    <skipped/>
  </testcase>
  <testcase name="TearDown" classname="Framework.E2EframeWork.ValidateNavBarTest" time="0">
    <skipped/>
  </testcase>
  <testcase name="TearDown" classname="Framework.E2EframeWork.ValidateTitleTest" time="0">
    <skipped/>
  </testcase>
</testsuite>