<?xml version="1.0" encoding="UTF-8"?>
<testsuite xmlns:xsi="http://www.w3.org/2001/XMLSchema-instance" xsi:noNamespaceSchemaLocation="https://maven.apache.org/surefire/maven-surefire-plugin/xsd/surefire-test-report.xsd" name="TestSuite" time="92.531" tests="9" errors="0" skipped="0" failures="6">
  <properties>
[...]
</properties>
  <testcase name="runScenario" classname="cucumberOptions.TestRunner" time="21.61">
    <failure message="no such element: Unable to locate element: {&quot;method&quot;:&quot;css selector&quot;,&quot;selector&quot;:&quot;*[name=&apos;query&apos;]&quot;}&#10;  (Session info: chrome=104.0.5112.102)&#10;For documentation on this error, please visit: https://selenium.dev/exceptions/#no_such_element&#10;Build info: version: &apos;4.3.0&apos;, revision: &apos;a4995e2c09*&apos;&#10;System info: host: &apos;DESKTOP-LAUHH40&apos;, ip: &apos;192.168.20.23&apos;, os.name: &apos;Windows 10&apos;, os.arch: &apos;amd64&apos;, os.version: &apos;10.0&apos;, java.version: &apos;17.0.2&apos;&#10;Driver info: org.openqa.selenium.chrome.ChromeDriver&#10;Command: [64b5e9589854fa8ecef15a6d4b2c6f44, findElement {using=name, value=query}]&#10;Capabilities {acceptInsecureCerts: false, browserName: chrome, browserVersion: 104.0.5112.102, chrome: {chromedriverVersion: 104.0.5112.79 (3cf3e8c8a07d..., userDataDir: C:\Users\chinm\AppData\Loca...}, goog:chromeOptions: {debuggerAddress: localhost:50462}, networkConnectionEnabled: false, pageLoadStrategy: eager, platformName: WINDOWS, proxy: Proxy(), se:cdp: ws://localhost:50462/devtoo..., se:cdpVersion: 104.0.5112.102, setWindowRect: true, strictFileInteractability: false, timeouts: {implicit: 0, pageLoad: 300000, script: 30000}, unhandledPromptBehavior: dismiss and notify, webauthn:extension:credBlob: true, webauthn:extension:largeBlob: true, webauthn:virtualAuthenticators: true}&#10;Session ID: 64b5e9589854fa8ecef15a6d4b2c6f44" type="org.openqa.selenium.NoSuchElementException">org.openqa.selenium.NoSuchElementException: 
no such element: Unable to locate element: {"method":"css selector","selector":"*[name='query']"}
  (Session info: chrome=104.0.5112.102)
For documentation on this error, please visit: https://selenium.dev/exceptions/#no_such_element
Build info: version: '4.3.0', revision: 'a4995e2c09*'
System info: host: 'DESKTOP-LAUHH40', ip: '192.168.20.23', os.name: 'Windows 10', os.arch: 'amd64', os.version: '10.0', java.version: '17.0.2'
Driver info: org.openqa.selenium.chrome.ChromeDriver
Command: [64b5e9589854fa8ecef15a6d4b2c6f44, findElement {using=name, value=query}]
Capabilities {acceptInsecureCerts: false, browserName: chrome, browserVersion: 104.0.5112.102, chrome: {chromedriverVersion: 104.0.5112.79 (3cf3e8c8a07d..., userDataDir: C:\Users\chinm\AppData\Loca...}, goog:chromeOptions: {debuggerAddress: localhost:50462}, networkConnectionEnabled: false, pageLoadStrategy: eager, platformName: WINDOWS, proxy: Proxy(), se:cdp: ws://localhost:50462/devtoo..., se:cdpVersion: 104.0.5112.102, setWindowRect: true, strictFileInteractability: false, timeouts: {implicit: 0, pageLoad: 300000, script: 30000}, unhandledPromptBehavior: dismiss and notify, webauthn:extension:credBlob: true, webauthn:extension:largeBlob: true, webauthn:virtualAuthenticators: true}
Session ID: 64b5e9589854fa8ecef15a6d4b2c6f44
</failure>
    <system-out><![CDATA[
@SmokeScenario
Scenario Outline: Positive Test Validating Login                 # src/test/java/features/Login.feature:14
  Given Initialize browser with chrome                           # stepDefinition.StepDefination.initialize_browser_with_chrome()
  And Navigate to "url" site                                     # stepDefinition.StepDefination.navigate_to_site(java.lang.String)
  And Click on login in home page                                # stepDefinition.StepDefination.click_on_login_in_home_page()
  When User enters sanujana8@gmail.com and Test12345 and logs in # stepDefinition.StepDefination.user_enters_and_and_logs_in(java.lang.String,java.lang.String)
  Then Verify users is successfully logged in                    # stepDefinition.StepDefination.verify_users_is_successfully_logged_in()
      org.openqa.selenium.NoSuchElementException: no such element: Unable to locate element: {"method":"css selector","selector":"*[name='query']"}
  (Session info: chrome=104.0.5112.102)
For documentation on this error, please visit: https://selenium.dev/exceptions/#no_such_element
Build info: version: '4.3.0', revision: 'a4995e2c09*'
System info: host: 'DESKTOP-LAUHH40', ip: '192.168.20.23', os.name: 'Windows 10', os.arch: 'amd64', os.version: '10.0', java.version: '17.0.2'
Driver info: org.openqa.selenium.chrome.ChromeDriver
Command: [64b5e9589854fa8ecef15a6d4b2c6f44, findElement {using=name, value=query}]
Capabilities {acceptInsecureCerts: false, browserName: chrome, browserVersion: 104.0.5112.102, chrome: {chromedriverVersion: 104.0.5112.79 (3cf3e8c8a07d..., userDataDir: C:\Users\chinm\AppData\Loca...}, goog:chromeOptions: {debuggerAddress: localhost:50462}, networkConnectionEnabled: false, pageLoadStrategy: eager, platformName: WINDOWS, proxy: Proxy(), se:cdp: ws://localhost:50462/devtoo..., se:cdpVersion: 104.0.5112.102, setWindowRect: true, strictFileInteractability: false, timeouts: {implicit: 0, pageLoad: 300000, script: 30000}, unhandledPromptBehavior: dismiss and notify, webauthn:extension:credBlob: true, webauthn:extension:largeBlob: true, webauthn:virtualAuthenticators: true}
Session ID: 64b5e9589854fa8ecef15a6d4b2c6f44
	at java.base/jdk.internal.reflect.NativeConstructorAccessorImpl.newInstance0(Native Method)
	at java.base/jdk.internal.reflect.NativeConstructorAccessorImpl.newInstance(NativeConstructorAccessorImpl.java:77)
	at java.base/jdk.internal.reflect.DelegatingConstructorAccessorImpl.newInstance(DelegatingConstructorAccessorImpl.java:45)
	at java.base/java.lang.reflect.Constructor.newInstanceWithCaller(Constructor.java:499)
	at java.base/java.lang.reflect.Constructor.newInstance(Constructor.java:480)
	at org.openqa.selenium.remote.codec.w3c.W3CHttpResponseCodec.createException(W3CHttpResponseCodec.java:200)
	at org.openqa.selenium.remote.codec.w3c.W3CHttpResponseCodec.decode(W3CHttpResponseCodec.java:133)
	at org.openqa.selenium.remote.codec.w3c.W3CHttpResponseCodec.decode(W3CHttpResponseCodec.java:53)
	at org.openqa.selenium.remote.HttpCommandExecutor.execute(HttpCommandExecutor.java:184)
	at org.openqa.selenium.remote.service.DriverCommandExecutor.invokeExecute(DriverCommandExecutor.java:167)
	at org.openqa.selenium.remote.service.DriverCommandExecutor.execute(DriverCommandExecutor.java:142)
	at org.openqa.selenium.remote.RemoteWebDriver.execute(RemoteWebDriver.java:569)
	at org.openqa.selenium.remote.ElementLocation$ElementFinder$2.findElement(ElementLocation.java:162)
	at org.openqa.selenium.remote.ElementLocation.findElement(ElementLocation.java:66)
	at org.openqa.selenium.remote.RemoteWebDriver.findElement(RemoteWebDriver.java:387)
	at org.openqa.selenium.remote.RemoteWebDriver.findElement(RemoteWebDriver.java:379)
	at pageObject.HomePage.SearchBox(HomePage.java:19)
	at stepDefinition.StepDefination.verify_users_is_successfully_logged_in(StepDefination.java:56)
	at âœ½.Verify users is successfully logged in(file:///C:/Repository/SeleniumJava/E2EframeWork/src/test/java/features/Login.feature:9)

  And close browser                                              # stepDefinition.StepDefination.close_browser()
]]></system-out>
    <system-err><![CDATA[SLF4J: Failed to load class "org.slf4j.impl.StaticLoggerBinder".
SLF4J: Defaulting to no-operation (NOP) logger implementation
SLF4J: See http://www.slf4j.org/codes.html#StaticLoggerBinder for further details.
Starting ChromeDriver 104.0.5112.79 (3cf3e8c8a07d104b9e1260c910efb8f383285dc5-refs/branch-heads/5112@{#1307}) on port 65076
Only local connections are allowed.
Please see https://chromedriver.chromium.org/security-considerations for suggestions on keeping ChromeDriver safe.
ChromeDriver was started successfully.
Aug 24, 2022 12:34:42 PM org.openqa.selenium.remote.ProtocolHandshake createSession
INFO: Detected upstream dialect: W3C
Aug 24, 2022 12:34:43 PM org.openqa.selenium.devtools.CdpVersionFinder findNearestMatch
WARNING: Unable to find an exact match for CDP version 104, so returning the closest version found: 103
Aug 24, 2022 12:34:43 PM org.openqa.selenium.devtools.CdpVersionFinder findNearestMatch
INFO: Found CDP implementation for version 104 of 103
Starting ChromeDriver 104.0.5112.79 (3cf3e8c8a07d104b9e1260c910efb8f383285dc5-refs/branch-heads/5112@{#1307}) on port 54265
Only local connections are allowed.
Please see https://chromedriver.chromium.org/security-considerations for suggestions on keeping ChromeDriver safe.
ChromeDriver was started successfully.
Aug 24, 2022 12:34:44 PM org.openqa.selenium.remote.ProtocolHandshake createSession
INFO: Detected upstream dialect: W3C
Aug 24, 2022 12:34:44 PM org.openqa.selenium.devtools.CdpVersionFinder findNearestMatch
WARNING: Unable to find an exact match for CDP version 104, so returning the closest version found: 103
Aug 24, 2022 12:34:44 PM org.openqa.selenium.devtools.CdpVersionFinder findNearestMatch
INFO: Found CDP implementation for version 104 of 103
Starting ChromeDriver 104.0.5112.79 (3cf3e8c8a07d104b9e1260c910efb8f383285dc5-refs/branch-heads/5112@{#1307}) on port 56648
Only local connections are allowed.
Please see https://chromedriver.chromium.org/security-considerations for suggestions on keeping ChromeDriver safe.
ChromeDriver was started successfully.
Aug 24, 2022 12:34:48 PM org.openqa.selenium.remote.ProtocolHandshake createSession
INFO: Detected upstream dialect: W3C
Aug 24, 2022 12:34:48 PM org.openqa.selenium.devtools.CdpVersionFinder findNearestMatch
WARNING: Unable to find an exact match for CDP version 104, so returning the closest version found: 103
Aug 24, 2022 12:34:48 PM org.openqa.selenium.devtools.CdpVersionFinder findNearestMatch
INFO: Found CDP implementation for version 104 of 103
Starting ChromeDriver 104.0.5112.79 (3cf3e8c8a07d104b9e1260c910efb8f383285dc5-refs/branch-heads/5112@{#1307}) on port 58969
Only local connections are allowed.
Please see https://chromedriver.chromium.org/security-considerations for suggestions on keeping ChromeDriver safe.
ChromeDriver was started successfully.
Aug 24, 2022 12:34:55 PM org.openqa.selenium.remote.ProtocolHandshake createSession
INFO: Detected upstream dialect: W3C
Aug 24, 2022 12:34:55 PM org.openqa.selenium.devtools.CdpVersionFinder findNearestMatch
WARNING: Unable to find an exact match for CDP version 104, so returning the closest version found: 103
Aug 24, 2022 12:34:55 PM org.openqa.selenium.devtools.CdpVersionFinder findNearestMatch
INFO: Found CDP implementation for version 104 of 103
]]></system-err>
  </testcase>
  <testcase name="runScenario" classname="cucumberOptions.TestRunner" time="21.699">
    <failure message="no such element: Unable to locate element: {&quot;method&quot;:&quot;css selector&quot;,&quot;selector&quot;:&quot;*[name=&apos;query&apos;]&quot;}&#10;  (Session info: chrome=104.0.5112.102)&#10;For documentation on this error, please visit: https://selenium.dev/exceptions/#no_such_element&#10;Build info: version: &apos;4.3.0&apos;, revision: &apos;a4995e2c09*&apos;&#10;System info: host: &apos;DESKTOP-LAUHH40&apos;, ip: &apos;192.168.20.23&apos;, os.name: &apos;Windows 10&apos;, os.arch: &apos;amd64&apos;, os.version: &apos;10.0&apos;, java.version: &apos;17.0.2&apos;&#10;Driver info: org.openqa.selenium.chrome.ChromeDriver&#10;Command: [e313835dc1a27ffc347bf838da73c520, findElement {using=name, value=query}]&#10;Capabilities {acceptInsecureCerts: false, browserName: chrome, browserVersion: 104.0.5112.102, chrome: {chromedriverVersion: 104.0.5112.79 (3cf3e8c8a07d..., userDataDir: C:\Users\chinm\AppData\Loca...}, goog:chromeOptions: {debuggerAddress: localhost:50523}, networkConnectionEnabled: false, pageLoadStrategy: eager, platformName: WINDOWS, proxy: Proxy(), se:cdp: ws://localhost:50523/devtoo..., se:cdpVersion: 104.0.5112.102, setWindowRect: true, strictFileInteractability: false, timeouts: {implicit: 0, pageLoad: 300000, script: 30000}, unhandledPromptBehavior: dismiss and notify, webauthn:extension:credBlob: true, webauthn:extension:largeBlob: true, webauthn:virtualAuthenticators: true}&#10;Session ID: e313835dc1a27ffc347bf838da73c520" type="org.openqa.selenium.NoSuchElementException">org.openqa.selenium.NoSuchElementException: 
no such element: Unable to locate element: {"method":"css selector","selector":"*[name='query']"}
  (Session info: chrome=104.0.5112.102)
For documentation on this error, please visit: https://selenium.dev/exceptions/#no_such_element
Build info: version: '4.3.0', revision: 'a4995e2c09*'
System info: host: 'DESKTOP-LAUHH40', ip: '192.168.20.23', os.name: 'Windows 10', os.arch: 'amd64', os.version: '10.0', java.version: '17.0.2'
Driver info: org.openqa.selenium.chrome.ChromeDriver
Command: [e313835dc1a27ffc347bf838da73c520, findElement {using=name, value=query}]
Capabilities {acceptInsecureCerts: false, browserName: chrome, browserVersion: 104.0.5112.102, chrome: {chromedriverVersion: 104.0.5112.79 (3cf3e8c8a07d..., userDataDir: C:\Users\chinm\AppData\Loca...}, goog:chromeOptions: {debuggerAddress: localhost:50523}, networkConnectionEnabled: false, pageLoadStrategy: eager, platformName: WINDOWS, proxy: Proxy(), se:cdp: ws://localhost:50523/devtoo..., se:cdpVersion: 104.0.5112.102, setWindowRect: true, strictFileInteractability: false, timeouts: {implicit: 0, pageLoad: 300000, script: 30000}, unhandledPromptBehavior: dismiss and notify, webauthn:extension:credBlob: true, webauthn:extension:largeBlob: true, webauthn:virtualAuthenticators: true}
Session ID: e313835dc1a27ffc347bf838da73c520
</failure>
    <system-out><![CDATA[
@SmokeScenario
Scenario Outline: Positive Test Validating Login                  # src/test/java/features/Login.feature:15
  Given Initialize browser with chrome                            # stepDefinition.StepDefination.initialize_browser_with_chrome()
  And Navigate to "url" site                                      # stepDefinition.StepDefination.navigate_to_site(java.lang.String)
  And Click on login in home page                                 # stepDefinition.StepDefination.click_on_login_in_home_page()
  When User enters sanujana7@gmail.com and Test123456 and logs in # stepDefinition.StepDefination.user_enters_and_and_logs_in(java.lang.String,java.lang.String)
  Then Verify users is successfully logged in                     # stepDefinition.StepDefination.verify_users_is_successfully_logged_in()
      org.openqa.selenium.NoSuchElementException: no such element: Unable to locate element: {"method":"css selector","selector":"*[name='query']"}
  (Session info: chrome=104.0.5112.102)
For documentation on this error, please visit: https://selenium.dev/exceptions/#no_such_element
Build info: version: '4.3.0', revision: 'a4995e2c09*'
System info: host: 'DESKTOP-LAUHH40', ip: '192.168.20.23', os.name: 'Windows 10', os.arch: 'amd64', os.version: '10.0', java.version: '17.0.2'
Driver info: org.openqa.selenium.chrome.ChromeDriver
Command: [e313835dc1a27ffc347bf838da73c520, findElement {using=name, value=query}]
Capabilities {acceptInsecureCerts: false, browserName: chrome, browserVersion: 104.0.5112.102, chrome: {chromedriverVersion: 104.0.5112.79 (3cf3e8c8a07d..., userDataDir: C:\Users\chinm\AppData\Loca...}, goog:chromeOptions: {debuggerAddress: localhost:50523}, networkConnectionEnabled: false, pageLoadStrategy: eager, platformName: WINDOWS, proxy: Proxy(), se:cdp: ws://localhost:50523/devtoo..., se:cdpVersion: 104.0.5112.102, setWindowRect: true, strictFileInteractability: false, timeouts: {implicit: 0, pageLoad: 300000, script: 30000}, unhandledPromptBehavior: dismiss and notify, webauthn:extension:credBlob: true, webauthn:extension:largeBlob: true, webauthn:virtualAuthenticators: true}
Session ID: e313835dc1a27ffc347bf838da73c520
	at java.base/jdk.internal.reflect.NativeConstructorAccessorImpl.newInstance0(Native Method)
	at java.base/jdk.internal.reflect.NativeConstructorAccessorImpl.newInstance(NativeConstructorAccessorImpl.java:77)
	at java.base/jdk.internal.reflect.DelegatingConstructorAccessorImpl.newInstance(DelegatingConstructorAccessorImpl.java:45)
	at java.base/java.lang.reflect.Constructor.newInstanceWithCaller(Constructor.java:499)
	at java.base/java.lang.reflect.Constructor.newInstance(Constructor.java:480)
	at org.openqa.selenium.remote.codec.w3c.W3CHttpResponseCodec.createException(W3CHttpResponseCodec.java:200)
	at org.openqa.selenium.remote.codec.w3c.W3CHttpResponseCodec.decode(W3CHttpResponseCodec.java:133)
	at org.openqa.selenium.remote.codec.w3c.W3CHttpResponseCodec.decode(W3CHttpResponseCodec.java:53)
	at org.openqa.selenium.remote.HttpCommandExecutor.execute(HttpCommandExecutor.java:184)
	at org.openqa.selenium.remote.service.DriverCommandExecutor.invokeExecute(DriverCommandExecutor.java:167)
	at org.openqa.selenium.remote.service.DriverCommandExecutor.execute(DriverCommandExecutor.java:142)
	at org.openqa.selenium.remote.RemoteWebDriver.execute(RemoteWebDriver.java:569)
	at org.openqa.selenium.remote.ElementLocation$ElementFinder$2.findElement(ElementLocation.java:162)
	at org.openqa.selenium.remote.ElementLocation.findElement(ElementLocation.java:66)
	at org.openqa.selenium.remote.RemoteWebDriver.findElement(RemoteWebDriver.java:387)
	at org.openqa.selenium.remote.RemoteWebDriver.findElement(RemoteWebDriver.java:379)
	at pageObject.HomePage.SearchBox(HomePage.java:19)
	at stepDefinition.StepDefination.verify_users_is_successfully_logged_in(StepDefination.java:56)
	at âœ½.Verify users is successfully logged in(file:///C:/Repository/SeleniumJava/E2EframeWork/src/test/java/features/Login.feature:9)

  And close browser                                               # stepDefinition.StepDefination.close_browser()
]]></system-out>
    <system-err><![CDATA[Starting ChromeDriver 104.0.5112.79 (3cf3e8c8a07d104b9e1260c910efb8f383285dc5-refs/branch-heads/5112@{#1307}) on port 53516
Only local connections are allowed.
Please see https://chromedriver.chromium.org/security-considerations for suggestions on keeping ChromeDriver safe.
ChromeDriver was started successfully.
Aug 24, 2022 12:35:17 PM org.openqa.selenium.remote.ProtocolHandshake createSession
INFO: Detected upstream dialect: W3C
Aug 24, 2022 12:35:17 PM org.openqa.selenium.devtools.CdpVersionFinder findNearestMatch
WARNING: Unable to find an exact match for CDP version 104, so returning the closest version found: 103
Aug 24, 2022 12:35:17 PM org.openqa.selenium.devtools.CdpVersionFinder findNearestMatch
INFO: Found CDP implementation for version 104 of 103
]]></system-err>
  </testcase>
  <testcase name="LogInTry" classname="Framework.E2EframeWork.HomePageTest" time="11.897">
    <failure message="no such element: Unable to locate element: {&quot;method&quot;:&quot;css selector&quot;,&quot;selector&quot;:&quot;#user_email&quot;}&#10;  (Session info: chrome=104.0.5112.102)&#10;For documentation on this error, please visit: https://selenium.dev/exceptions/#no_such_element&#10;Build info: version: &apos;4.3.0&apos;, revision: &apos;a4995e2c09*&apos;&#10;System info: host: &apos;DESKTOP-LAUHH40&apos;, ip: &apos;192.168.20.23&apos;, os.name: &apos;Windows 10&apos;, os.arch: &apos;amd64&apos;, os.version: &apos;10.0&apos;, java.version: &apos;17.0.2&apos;&#10;Driver info: org.openqa.selenium.chrome.ChromeDriver&#10;Command: [9a4ed76bfc3edb6d6ff2e0f6d8bbee29, findElement {using=css selector, value=#user_email}]&#10;Capabilities {acceptInsecureCerts: false, browserName: chrome, browserVersion: 104.0.5112.102, chrome: {chromedriverVersion: 104.0.5112.79 (3cf3e8c8a07d..., userDataDir: C:\Users\chinm\AppData\Loca...}, goog:chromeOptions: {debuggerAddress: localhost:50374}, networkConnectionEnabled: false, pageLoadStrategy: eager, platformName: WINDOWS, proxy: Proxy(), se:cdp: ws://localhost:50374/devtoo..., se:cdpVersion: 104.0.5112.102, setWindowRect: true, strictFileInteractability: false, timeouts: {implicit: 0, pageLoad: 300000, script: 30000}, unhandledPromptBehavior: dismiss and notify, webauthn:extension:credBlob: true, webauthn:extension:largeBlob: true, webauthn:virtualAuthenticators: true}&#10;Session ID: 9a4ed76bfc3edb6d6ff2e0f6d8bbee29" type="org.openqa.selenium.NoSuchElementException">org.openqa.selenium.NoSuchElementException: 
no such element: Unable to locate element: {"method":"css selector","selector":"#user_email"}
  (Session info: chrome=104.0.5112.102)
For documentation on this error, please visit: https://selenium.dev/exceptions/#no_such_element
Build info: version: '4.3.0', revision: 'a4995e2c09*'
System info: host: 'DESKTOP-LAUHH40', ip: '192.168.20.23', os.name: 'Windows 10', os.arch: 'amd64', os.version: '10.0', java.version: '17.0.2'
Driver info: org.openqa.selenium.chrome.ChromeDriver
Command: [9a4ed76bfc3edb6d6ff2e0f6d8bbee29, findElement {using=css selector, value=#user_email}]
Capabilities {acceptInsecureCerts: false, browserName: chrome, browserVersion: 104.0.5112.102, chrome: {chromedriverVersion: 104.0.5112.79 (3cf3e8c8a07d..., userDataDir: C:\Users\chinm\AppData\Loca...}, goog:chromeOptions: {debuggerAddress: localhost:50374}, networkConnectionEnabled: false, pageLoadStrategy: eager, platformName: WINDOWS, proxy: Proxy(), se:cdp: ws://localhost:50374/devtoo..., se:cdpVersion: 104.0.5112.102, setWindowRect: true, strictFileInteractability: false, timeouts: {implicit: 0, pageLoad: 300000, script: 30000}, unhandledPromptBehavior: dismiss and notify, webauthn:extension:credBlob: true, webauthn:extension:largeBlob: true, webauthn:virtualAuthenticators: true}
Session ID: 9a4ed76bfc3edb6d6ff2e0f6d8bbee29
	at Framework.E2EframeWork.HomePageTest.LogInTry(HomePageTest.java:44)
</failure>
    <system-err><![CDATA[?????????????????????????????????????????????????????????????????????????????????????
? Share your Cucumber Report with your team at https://reports.cucumber.io          ?
? Activate publishing with one of the following:                                    ?
?                                                                                   ?
? src/test/resources/cucumber.properties:          cucumber.publish.enabled=true    ?
? src/test/resources/junit-platform.properties:    cucumber.publish.enabled=true    ?
? Environment variable:                            CUCUMBER_PUBLISH_ENABLED=true    ?
? JUnit:                                           @CucumberOptions(publish = true) ?
?                                                                                   ?
? More information at https://cucumber.io/docs/cucumber/environment-variables/      ?
?                                                                                   ?
? Disable this message with one of the following:                                   ?
?                                                                                   ?
? src/test/resources/cucumber.properties:          cucumber.publish.quiet=true      ?
? src/test/resources/junit-platform.properties:    cucumber.publish.quiet=true      ?
?????????????????????????????????????????????????????????????????????????????????????
]]></system-err>
  </testcase>
  <testcase name="LogInTry" classname="Framework.E2EframeWork.HomePageTest" time="8.137">
    <failure message="no such element: Unable to locate element: {&quot;method&quot;:&quot;css selector&quot;,&quot;selector&quot;:&quot;#user_email&quot;}&#10;  (Session info: chrome=104.0.5112.102)&#10;For documentation on this error, please visit: https://selenium.dev/exceptions/#no_such_element&#10;Build info: version: &apos;4.3.0&apos;, revision: &apos;a4995e2c09*&apos;&#10;System info: host: &apos;DESKTOP-LAUHH40&apos;, ip: &apos;192.168.20.23&apos;, os.name: &apos;Windows 10&apos;, os.arch: &apos;amd64&apos;, os.version: &apos;10.0&apos;, java.version: &apos;17.0.2&apos;&#10;Driver info: org.openqa.selenium.chrome.ChromeDriver&#10;Command: [9a4ed76bfc3edb6d6ff2e0f6d8bbee29, findElement {using=css selector, value=#user_email}]&#10;Capabilities {acceptInsecureCerts: false, browserName: chrome, browserVersion: 104.0.5112.102, chrome: {chromedriverVersion: 104.0.5112.79 (3cf3e8c8a07d..., userDataDir: C:\Users\chinm\AppData\Loca...}, goog:chromeOptions: {debuggerAddress: localhost:50374}, networkConnectionEnabled: false, pageLoadStrategy: eager, platformName: WINDOWS, proxy: Proxy(), se:cdp: ws://localhost:50374/devtoo..., se:cdpVersion: 104.0.5112.102, setWindowRect: true, strictFileInteractability: false, timeouts: {implicit: 0, pageLoad: 300000, script: 30000}, unhandledPromptBehavior: dismiss and notify, webauthn:extension:credBlob: true, webauthn:extension:largeBlob: true, webauthn:virtualAuthenticators: true}&#10;Session ID: 9a4ed76bfc3edb6d6ff2e0f6d8bbee29" type="org.openqa.selenium.NoSuchElementException">org.openqa.selenium.NoSuchElementException: 
no such element: Unable to locate element: {"method":"css selector","selector":"#user_email"}
  (Session info: chrome=104.0.5112.102)
For documentation on this error, please visit: https://selenium.dev/exceptions/#no_such_element
Build info: version: '4.3.0', revision: 'a4995e2c09*'
System info: host: 'DESKTOP-LAUHH40', ip: '192.168.20.23', os.name: 'Windows 10', os.arch: 'amd64', os.version: '10.0', java.version: '17.0.2'
Driver info: org.openqa.selenium.chrome.ChromeDriver
Command: [9a4ed76bfc3edb6d6ff2e0f6d8bbee29, findElement {using=css selector, value=#user_email}]
Capabilities {acceptInsecureCerts: false, browserName: chrome, browserVersion: 104.0.5112.102, chrome: {chromedriverVersion: 104.0.5112.79 (3cf3e8c8a07d..., userDataDir: C:\Users\chinm\AppData\Loca...}, goog:chromeOptions: {debuggerAddress: localhost:50374}, networkConnectionEnabled: false, pageLoadStrategy: eager, platformName: WINDOWS, proxy: Proxy(), se:cdp: ws://localhost:50374/devtoo..., se:cdpVersion: 104.0.5112.102, setWindowRect: true, strictFileInteractability: false, timeouts: {implicit: 0, pageLoad: 300000, script: 30000}, unhandledPromptBehavior: dismiss and notify, webauthn:extension:credBlob: true, webauthn:extension:largeBlob: true, webauthn:virtualAuthenticators: true}
Session ID: 9a4ed76bfc3edb6d6ff2e0f6d8bbee29
	at Framework.E2EframeWork.HomePageTest.LogInTry(HomePageTest.java:44)
</failure>
  </testcase>
  <testcase name="LogInTryTest2" classname="Framework.E2EframeWork.HomePageTest" time="0.001"/>
  <testcase name="ValidatePageNavBar" classname="Framework.E2EframeWork.ValidateNavBarTest" time="2.833">
    <failure message="Unable to find element with locator By.cssSelector: .nav.navbar-nav.navbar-right&#10;For documentation on this error, please visit: https://selenium.dev/exceptions/#no_such_element&#10;Build info: version: &apos;4.3.0&apos;, revision: &apos;a4995e2c09*&apos;&#10;System info: host: &apos;DESKTOP-LAUHH40&apos;, ip: &apos;192.168.20.23&apos;, os.name: &apos;Windows 10&apos;, os.arch: &apos;amd64&apos;, os.version: &apos;10.0&apos;, java.version: &apos;17.0.2&apos;&#10;Driver info: driver.version: RemoteWebDriver" type="org.openqa.selenium.NoSuchElementException">org.openqa.selenium.NoSuchElementException: 
Unable to find element with locator By.cssSelector: .nav.navbar-nav.navbar-right
For documentation on this error, please visit: https://selenium.dev/exceptions/#no_such_element
Build info: version: '4.3.0', revision: 'a4995e2c09*'
System info: host: 'DESKTOP-LAUHH40', ip: '192.168.20.23', os.name: 'Windows 10', os.arch: 'amd64', os.version: '10.0', java.version: '17.0.2'
Driver info: driver.version: RemoteWebDriver
	at Framework.E2EframeWork.ValidateNavBarTest.ValidatePageNavBar(ValidateNavBarTest.java:35)
</failure>
  </testcase>
  <testcase name="ValidateTest2" classname="Framework.E2EframeWork.ValidateNavBarTest" time="0"/>
  <testcase name="ValidatePageTitle" classname="Framework.E2EframeWork.ValidateTitleTest" time="10.436">
    <failure message="chrome not reachable&#10;  (Session info: chrome=104.0.5112.102)&#10;Build info: version: &apos;4.3.0&apos;, revision: &apos;a4995e2c09*&apos;&#10;System info: host: &apos;DESKTOP-LAUHH40&apos;, ip: &apos;192.168.20.23&apos;, os.name: &apos;Windows 10&apos;, os.arch: &apos;amd64&apos;, os.version: &apos;10.0&apos;, java.version: &apos;17.0.2&apos;&#10;Driver info: org.openqa.selenium.chrome.ChromeDriver&#10;Command: [36061d8a3202a5b73d2784c9c14c4ef4, findElement {using=xpath, value=//div[@class=&apos;container&apos;]//div[@class=&apos;text-center&apos;]/child::h2}]&#10;Capabilities {acceptInsecureCerts: false, browserName: chrome, browserVersion: 104.0.5112.102, chrome: {chromedriverVersion: 104.0.5112.79 (3cf3e8c8a07d..., userDataDir: C:\Users\chinm\AppData\Loca...}, goog:chromeOptions: {debuggerAddress: localhost:50426}, networkConnectionEnabled: false, pageLoadStrategy: eager, platformName: WINDOWS, proxy: Proxy(), se:cdp: ws://localhost:50426/devtoo..., se:cdpVersion: 104.0.5112.102, setWindowRect: true, strictFileInteractability: false, timeouts: {implicit: 0, pageLoad: 300000, script: 30000}, unhandledPromptBehavior: dismiss and notify, webauthn:extension:credBlob: true, webauthn:extension:largeBlob: true, webauthn:virtualAuthenticators: true}&#10;Session ID: 36061d8a3202a5b73d2784c9c14c4ef4" type="org.openqa.selenium.WebDriverException">org.openqa.selenium.WebDriverException: 
chrome not reachable
  (Session info: chrome=104.0.5112.102)
Build info: version: '4.3.0', revision: 'a4995e2c09*'
System info: host: 'DESKTOP-LAUHH40', ip: '192.168.20.23', os.name: 'Windows 10', os.arch: 'amd64', os.version: '10.0', java.version: '17.0.2'
Driver info: org.openqa.selenium.chrome.ChromeDriver
Command: [36061d8a3202a5b73d2784c9c14c4ef4, findElement {using=xpath, value=//div[@class='container']//div[@class='text-center']/child::h2}]
Capabilities {acceptInsecureCerts: false, browserName: chrome, browserVersion: 104.0.5112.102, chrome: {chromedriverVersion: 104.0.5112.79 (3cf3e8c8a07d..., userDataDir: C:\Users\chinm\AppData\Loca...}, goog:chromeOptions: {debuggerAddress: localhost:50426}, networkConnectionEnabled: false, pageLoadStrategy: eager, platformName: WINDOWS, proxy: Proxy(), se:cdp: ws://localhost:50426/devtoo..., se:cdpVersion: 104.0.5112.102, setWindowRect: true, strictFileInteractability: false, timeouts: {implicit: 0, pageLoad: 300000, script: 30000}, unhandledPromptBehavior: dismiss and notify, webauthn:extension:credBlob: true, webauthn:extension:largeBlob: true, webauthn:virtualAuthenticators: true}
Session ID: 36061d8a3202a5b73d2784c9c14c4ef4
	at Framework.E2EframeWork.ValidateTitleTest.ValidatePageTitle(ValidateTitleTest.java:41)
</failure>
    <system-err><![CDATA[[1661308564.164][WARNING]: Timed out connecting to Chrome, retrying...
]]></system-err>
  </testcase>
  <testcase name="ValidateTest2" classname="Framework.E2EframeWork.ValidateTitleTest" time="0"/>
</testsuite>